GROUP,PACKAGE,CLASS,INSTRUCTION_MISSED,INSTRUCTION_COVERED,BRANCH_MISSED,BRANCH_COVERED,LINE_MISSED,LINE_COVERED,COMPLEXITY_MISSED,COMPLEXITY_COVERED,METHOD_MISSED,METHOD_COVERED
Java,com.rdreams.interviewquest.zemoso,FibnoacciSeries,0,51,0,0,0,6,0,4,0,4
Java,com.rdreams.interviewquest.zemoso,sortListOfStrings,0,51,0,2,0,10,0,4,0,3
Java,com.rdreams.interviewquest.amazon,MaxPairs,0,57,0,6,0,14,0,5,0,2
Java,com.rdreams.interviewquest.amazon,ReviewScore,0,102,0,14,0,24,0,9,0,2
Java,com.rdreams.onlinecourses.codingninjas.basicsofjava.basic_io,AreaofRectangle,0,7,0,0,0,2,0,2,0,2
Java,com.rdreams.interviewquest.freshworks,LongestUniqueSubString,0,76,0,4,0,12,0,4,0,2
